<?xml version="1.0" encoding="UTF-8"?>
<!-- Generated by org.testng.reporters.JUnitReportReporter -->
<testsuite skipped="0" hostname="ADMIN-PC" name="Project_Test1.homepage" tests="3" failures="0" timestamp="02 Nov 2019 05:58:00 GMT" time="9.161" errors="0">
  <testcase name="verifyurl" time="0.055" classname="Project_Test1.homepage"/>
  <testcase name="verifyTitle" time="0.095" classname="Project_Test1.homepage"/>
  <testcase name="launchbrowser" time="9.011" classname="Project_Test1.homepage"/>
</testsuite> <!-- Project_Test1.homepage -->
