<?xml version="1.0" encoding="UTF-8"?>
<!-- Generated by org.testng.reporters.JUnitReportReporter -->
<testsuite skipped="0" hostname="ADMIN-PC" name="Project_Test1.homepage" tests="3" failures="0" timestamp="02 Nov 2019 11:01:00 GMT" time="14.901" errors="0">
  <testcase name="verifyTitle" time="0.161" classname="Project_Test1.homepage"/>
  <testcase name="verifyurl" time="0.056" classname="Project_Test1.homepage"/>
  <testcase name="launchbrowser" time="14.684" classname="Project_Test1.homepage"/>
</testsuite> <!-- Project_Test1.homepage -->
