<?xml version="1.0" encoding="UTF-8"?>
<!-- Generated by org.testng.reporters.JUnitReportReporter -->
<testsuite skipped="0" hostname="ADMIN-PC" name="Project_Test1.Test4" tests="1" failures="0" timestamp="02 Nov 2019 05:58:00 GMT" time="0.100" errors="0">
  <testcase name="getMessagefromGupt2" time="0.100" classname="Project_Test1.Test4"/>
</testsuite> <!-- Project_Test1.Test4 -->
